0 info it worked if it ends with ok
1 verbose cli [ 'node', '/usr/local/bin/npm', 'install', 'node-gtfs' ]
2 info using npm@1.3.24
3 info using node@v0.10.25
4 verbose cache add [ 'node-gtfs', null ]
5 verbose cache add name=undefined spec="node-gtfs" args=["node-gtfs",null]
6 verbose parsed url { protocol: null,
6 verbose parsed url   slashes: null,
6 verbose parsed url   auth: null,
6 verbose parsed url   host: null,
6 verbose parsed url   port: null,
6 verbose parsed url   hostname: null,
6 verbose parsed url   hash: null,
6 verbose parsed url   search: null,
6 verbose parsed url   query: null,
6 verbose parsed url   pathname: 'node-gtfs',
6 verbose parsed url   path: 'node-gtfs',
6 verbose parsed url   href: 'node-gtfs' }
7 silly lockFile 68a30f91-node-gtfs node-gtfs
8 verbose lock node-gtfs /Users/grg/.npm/68a30f91-node-gtfs.lock
9 silly lockFile 68a30f91-node-gtfs node-gtfs
10 silly lockFile 68a30f91-node-gtfs node-gtfs
11 verbose addNamed [ 'node-gtfs', '' ]
12 verbose addNamed [ null, '*' ]
13 silly lockFile 67158fc6-node-gtfs node-gtfs@
14 verbose lock node-gtfs@ /Users/grg/.npm/67158fc6-node-gtfs.lock
15 silly addNameRange { name: 'node-gtfs', range: '*', hasData: false }
16 verbose url raw node-gtfs
17 verbose url resolving [ 'https://registry.npmjs.org/', './node-gtfs' ]
18 verbose url resolved https://registry.npmjs.org/node-gtfs
19 info trying registry request attempt 1 at 23:29:46
20 http GET https://registry.npmjs.org/node-gtfs
21 http 404 https://registry.npmjs.org/node-gtfs
22 silly registry.get cb [ 404,
22 silly registry.get   { date: 'Fri, 11 Apr 2014 03:29:48 GMT',
22 silly registry.get     server: 'CouchDB/1.5.0 (Erlang OTP/R16B)',
22 silly registry.get     'content-type': 'application/json',
22 silly registry.get     'cache-control': 'max-age=0',
22 silly registry.get     'content-length': '52',
22 silly registry.get     'accept-ranges': 'bytes',
22 silly registry.get     via: '1.1 varnish',
22 silly registry.get     age: '0',
22 silly registry.get     'x-served-by': 'cache-v36-ASH',
22 silly registry.get     'x-cache': 'MISS',
22 silly registry.get     'x-cache-hits': '0',
22 silly registry.get     'x-timer': 'S1397186988.414302588,VS0,VE92',
22 silly registry.get     'keep-alive': 'timeout=10, max=50',
22 silly registry.get     connection: 'Keep-Alive' } ]
23 silly lockFile 67158fc6-node-gtfs node-gtfs@
24 silly lockFile 67158fc6-node-gtfs node-gtfs@
25 error 404 'node-gtfs' is not in the npm registry.
25 error 404 You should bug the author to publish it
25 error 404
25 error 404 Maybe try 'npm search gtfs'
25 error 404
25 error 404 Note that you can also install from a
25 error 404 tarball, folder, or http url, or git url.
26 error System Darwin 13.1.0
27 error command "node" "/usr/local/bin/npm" "install" "node-gtfs"
28 error cwd /Users/grg/Code/dashboardt/src
29 error node -v v0.10.25
30 error npm -v 1.3.24
31 error code E404
32 verbose exit [ 1, true ]
